RSME : 0.992414831277
10:
3.05131797961
1000:
3.17396955328
2.43236507567
4.4213356639
3.82081444276
3.30368860508
3.71014285345
10000:
3.73064674114
10001:
4.13497769562
3.69980243158
2.87965854669
4.10992170458
3.49748641554
3.88322997526
3.75465854669
3.55033162361
4.02040657818
3.07284036487
4.01479368182
3.63167004094
4.12965854669
10002:
3.40636753609
4.53391348741
3.97547322715
10003:
10004:
3.83879038883
4.03343095366
3.71911620337
4.31623399785
4.12766598692
3.89142196778
4.01699405015
3.86346144146
3.76691732381
3.918749903
3.68662320617
3.45721144146
3.39687354926
1001:
3.53533976535
3.25160826479
3.35917250612
3.93993859118
3.75000352624
3.54686412001
2.98515357037
3.71911364148
3.8701679363
3.16848521816
3.57386716261
3.41521331645
3.82954898079
3.74053382927
3.1336497713
3.2613671626
3.74680405581
3.44741367424
2.99636716261
3.59960245672
3.65422430546
3.68308433432
3.61136716261
4.08508511132
4.32386716261
3.48229739516
3.54708144832
3.16136716261
3.23199379446
3.55738364612
3.71585265073
3.78178263538
3.67905008944
2.98863988988
3.47906379182
3.49639710273
3.18528020608
3.49200096542
3.22169926593
3.84535153761
3.73176189945
3.2454097158
3.55911997159
3.3569553979
3.43993859118
3.40074769358
3.12978821524
3.77429819709
3.52715663629
3.36440522995
3.76136716261
3.57386716261
3.32089097213
10010:
2.65943683115
2.78913607926
3.26062730733
3.20951046884
2.97620701748
2.802293974
2.44199985635
3.10200988309
2.6201553136
2.72481793566
2.49731659844
3.34515111686
2.552293974
3.19172373756
2.13265111686
2.849168974
2.56618286289
2.66545794629
10011:
3.76502196896
10012:
4.04481817017
3.25376119632
3.36054167405
3.806483496
2.88284015835
3.47173500333
3.27587877623
3.51049757055
3.3505945668
3.25945791872
10013:
3.4325513975
3.65517848854
3.76411694802
3.47369083885
3.42453378614
3.45417569595
3.42288801812
3.8436153702
3.98789789792
3.41002853876
3.69166636063
3.27083991128
3.15841263548
3.32322933968
3.51045265498
3.10153015637
2.98600006628
3.38078414594
3.71009142921
3.70513723442
3.49985178899
2.91876411254
3.1028113367
3.46294110182
3.52746051924
3.36763723442
3.43651478543
3.51145054845
3.10627359806
3.34877628767
3.11425885604
3.50826223442
3.50826223442
3.3580218498
3.70713427583
3.40604084888
10019:
3.23096817588
3.75266092126
3.15333659693
4.17833659694
3.48190802551
2.93190802551
3.79490963064
3.46933659694
3.15333659693
3.20378569874
3.29197296057
3.7200032636
3.85945904591
3.51657189105
3.41697296057
4.22786489882
3.77272435204
3.78083659694
3.61583659694
3.91154555216
3.26924568785
3.41284987127
3.42175764957
3.7395068097
3.44708659694
3.77240876189
3.96123133378
3.35333659694
2.66203224911
3.7090042988
3.92600014834
3.92214847812
3.86583659693
3.71058041319
3.84588978842
4.05943415791
3.82606386966
4.08587084351
3.76924568785
3.70272684084
3.40670198155
3.82606386966
3.42860086755
3.36015477875
3.09026841512
3.31420616216
4.20632167157
3.33458659694
3.46583659694
3.40711018184
3.47918405456
3.84956947365
3.49485330645
4.49169276132
3.64665136016

1002:
3.02287259446
3.45596209533
3.59979959977
3.43513967521
3.86273434561
2.76096783256
3.5399271691
3.53433875988
3.58423439131
3.2128076594
3.00144402304
10020:
3.94403902334
3.67456159674
4.06624440417
3.79976824558
3.79321484752
4.04094212024
4.08298757479
3.85605268535
4.36821484752
3.6862476344
3.85415234752
3.80392913323
4.10154818085
3.59502559518
4.0277085184
3.54946484752
3.39864963013
3.71386702143
3.59821484752
3.34239067169
4.03031162171
10021:
3.10786185333
3.20389843869
2.70401569948
10022:
3.45409076293
3.23351890856
3.07178913322
3.43442071217
2.93442071217
2.96048248823
3.53282496749
3.70118048871
3.43442071217
3.25584928359
3.76892775442
3.84815310653
3.93786898803
3.87192071217
3.73799214074
3.61009638784
3.02231133717
3.30272428359
3.61981397059
4.0960748475
3.59963810347
3.64783534632
3.23981843944
3.67442071217
4.32376497446
3.36607538843
3.31754345585
3.62381465156
3.49412220471
3.85942071216
3.82810492269
3.74211301986
3.33575850481
3.25386515661
3.18929876094
3.21900569241
3.25386515661
3.87125345238
3.73896616671
3.32346565599
3.03754571217
2.98942071216
3.96400651098
3.02154192429
3.66022716378
2.99523152298
3.76106304793
3.6897398611
3.56757288608
3.33620642645
3.97376081369
3.77617603131
3.67254288411
2.78856123914
3.36923083875
4.2259461359
2.82347396661
3.41192495665
3.61171663053
3.44316197091
3.63337359174
10028:
3.40198527257
3.15170161145
3.94513381484
4.02848732573
4.20012194112
10029:
3.6445716592
3.91818097356
3.16196296355
10031:
2.97989948009
3.64163424322
2.85833790582
3.98284770974
3.02054159326
2.74330753724
2.97819084699
10032:
4.28522828743
3.80271080491
4.06407444128
4.00805437439
3.57497560407
3.47892406533
3.80271080491
2.75157444128
4.05077656893
4.26719944128
3.39740777461
4.02684039873
3.65407444128
3.42907444128
3.5151613978
3.65782444128
3.56407444128
3.41200437758
3.52240777461
3.62314037534
3.53313609132
3.48907444128
4.03907444127
3.33131582058
3.78209769709
3.97316535036
3.58907444127
3.4575929598
3.399301714
3.39271682538
3.4317215001
3.48011921739
3.65419072035
3.47630848383
3.16764586985
3.46814420872
3.91283987337
10033:
3.43805526191
2.77734097619
3.4023409762
3.43805526191
3.1835909762
3.11900764286
3.4179659762
3.15234097619
3.41436020696
4.06143188528
3.79351744679
10034:
2.75228362204
3.48728362204
3.27274873831
3.23817647918
3.15141405682
3.18517644202
3.22635925229
2.53297327721
2.63549790775
2.52077418808
2.93788603168
2.8250194711
3.12695753508
3.03728362204
2.95144024854
3.24085505061
3.21205737769
3.19104468398
2.79530248996
3.27382208357
3.38482937911
2.75672806648
3.33728362204
3.38908774575
2.86909425327
3.87443958534
3.34016823742
2.48728362204
2.98608436004
3.11228362204
3.21079108472
2.86228362204
3.43202046414
2.93801891615
3.42932907658
2.99436193529
2.77274873832
3.25252030843
2.88450584426
3.45424166399
3.09085505061
2.93094033845
3.66700060317
2.76010970899
3.13137453112
2.62819271295
2.84660565593
3.18244491236
2.82299790775
2.93501089477
3.25244755646
2.88728362204
3.30514076489
2.82591998567
2.95797552804
3.26419445006
3.17570644083
3.18475553215
2.95879524994
3.19799790775
3.45728362204
3.46997592973
2.90747592973
2.81801154566
2.67824106884
2.76655191472
3.37280993782
2.94695515489
3.21228362203
3.19050032632
3.2913158801
2.51942647918
3.38920669896
2.72679975107
3.00687821663
2.79463656322
2.87807309572
3.18228362203
2.85296158814
2.75367017666
3.25319271295
3.24822112204
2.90934244557
2.98371219346
3.74561695537
2.93080214056
2.99561695537
3.6069951605
2.79621219346
3.26645028871
3.31228362204
3.08737904188
3.29386256941
3.57357394462
3.1921001358
2.94715009088
2.95184058406
3.3991257273
2.89353362203
3.28106578327
2.97576018454
3.34410180385
3.36091375903
3.58694115628
3.61840371442
2.74561695537
3.18046544022
3.7785626918
3.06093227068
3.0326539924
3.27921910591
3.1110151231
2.47478362204
3.19277142691
3.8507451605
3.3289502887
3.10103864212
3.25219824317
2.64813267864
3.14719741514
3.10346009263
2.94060393454
3.14057703521
2.35346009263
3.18460505061
3.24924014377
2.73728362204
2.95576188291
2.79271840465
3.59867415458
2.83536054511
2.91148870948
10038:
3.34487937773
3.15958526008
3.41915122238
3.30525673622
3.61987937773
3.11470696394
10039:
1004:
2.77710197362
3.02888637391
3.03638055397
3.4107786278
3.2759836475
3.75609671941
2.66137581439
3.23282092786
3.75160750009
3.44526436678
3.17154641806
2.84578884231
3.09350814754
3.2098797514
2.8798797514
3.04654641806
3.02349677267
2.92603359755
2.06169793321
2.80093238298
3.13907092786
3.23409661887
2.80859262268
3.1948797514

10040:
3.17569766562
3.7468450693
3.25583950959
3.39439685261
2.97207447721
3.57778099895
3.52659856652
3.41519538251
3.67295504959
2.68740937733
3.28271520948
3.37903099895
3.53354556206
2.46647044532
3.51592755067
3.43403099895
3.46528099895
3.40153099895
3.7701960475
3.40278099895
3.25269297078
3.40530429088
3.12045606037
2.88991335189
3.2010764535
3.05903099895
3.06217283019
3.23910092902
3.34192573579
3.00069766562
3.2888344924
2.99006548171
3.57986433229
3.79178961964
2.93131360765
3.86260242752
2.76812190804
3.42922330664
2.88045957038
3.20989306792
3.31822832337
3.42548783348
3.31471281713
2.7794743487
3.14653099895
3.53018484511
3.05903099895
2.89726629307
3.0014223033
3.40713226477
3.15645746954
3.03109803805
3.55903099895
3.30903099895
3.29653099895
3.37153099895
3.31744446049
3.52387474895
3.346835877
3.68793724895
3.23638948951
3.48550158718
2.89998527331
3.68279337519
3.43971281713
4.137711202
3.28242208806
3.20188814181
3.34016978899
3.40385858516
3.23760242752
3.18812616276
3.52903099895
3.18403099895
3.90786820825
3.49653099895
3.34221683966
3.36873249149
3.83497439518
3.32681342573
3.40007577507
2.9409754434
3.60821132682
2.98210792203
3.41944109359
2.91197217542
3.39598752069
3.61260242752
3.90058029472
3.39514211006
3.89850468316
3.53819766562
2.80903099895
3.19292930404
3.43511795548
3.07462964988
3.42419953828
3.34275192919
1.94927490139
3.28594392771
3.87778099895
4.02996123151
3.0649833799
3.79340599895
3.92231224895
3.30707787395
3.18403099895
3.33581671324
3.43608017928
2.91123829261
3.04297595308
3.60690333937
3.49859143851
3.94903099895
3.27778099895
3.58597710673
3.22569766562
2.88265063085
2.94346496122
3.49084918077
3.69791988784
3.36672330664
3.41998605513
3.0737368813
3.2016396946
3.15774595222
3.22852252438
3.47664463531
3.67153099895
3.02186883679
3.16944766562
3.67029473521
3.48645035379
3.82185151177
3.92014211006
3.45997439518
3.35522665113
3.73210792203
3.19038693115
3.40743525427
3.12384581377
2.69060994632
3.26472720148
3.67441561434
3.18403099895
3.67583427764
3.08831970188
3.6724763771
3.61075513688
3.26173370165
3.3989186394
3.4635764535
3.57588493153
3.37721281714
3.2699248537
3.45486433228
3.54263755633
3.40668724895
3.48205152681
3.19462421929
3.2222254434
3.79410562582
3.72447217542
3.80359621634
3.61849701837
3.43403099895
3.2911738561
3.56692573579
3.57569766562
3.7552335306
3.54131446352
3.37354712798
3.62978571593
3.15225133793
3.30456671323
3.21528099895
3.40562190804
3.35428322447
3.23917805777
3.79279723272
3.6385764535
3.31903099895
3.42859621634
3.39713672582
2.89951823793
3.29016307442
3.39001691444
3.52181725849
3.54125848711
3.17370989803
3.45188814181
3.31138948951
3.32607645349
3.10508363053
3.65685708591
3.66729871549
3.19255372622
3.14316561433
3.67929825953
3.5212158729
3.64370841831
3.60314864601
3.43931268909
3.63045957038
3.3482871973
3.18403099895
2.95809932194
3.62919228928
3.16463444722
3.47153099895
3.88450269706
3.18154755524
3.74077946521
3.45188814181
3.69718889369
4.14028099895
3.08620491199
3.56916613408
3.73760242753
3.16149881011
3.56402267948
3.16658913849
3.60903099895
3.22216659217
2.95657198256
3.47794991787
3.55903099895
3.22569766562
3.46401752186
3.14236433228
3.30778099895
3.30503738873
3.35179415685
2.99481081547
3.13627156499
3.73550158719
3.12990728761
3.32663663275
3.22569766562
3.26699560072
3.30550987219
2.89484080579
2.73110892103
3.47503099895
3.27056946049
3.42482047264
2.95385858516
3.47661341653
3.05167805777
3.68971281713
2.99316273548
3.38403099895
3.43806325702
3.26776886303
2.42592289084
3.15639942001
3.30991439118
3.73022665113
3.39344658337
3.39526517617
3.58322454734
3.45188814181
3.26752156499
3.24908947849
3.01189985141
3.72190978683
2.74700092376
3.27778099895
3.75020746954
3.07551451543
3.49195782822
3.27230783511
3.59680078312
3.08068454226
3.04340599895
3.01795957038
4.05903099895
3.94696203343
3.60518484511
3.16127818996
3.16772665113
3.09539463532
3.06418563813
3.28590961167
3.87354712798
3.32826176818
2.88628160722
2.67403099895
3.88104186852
3.02926909419
3.15435473996
3.57167144839
3.63797836737
3.88045957038
3.68403099895
3.61903099895
3.29551748544
3.17389586382
2.90403099895
3.45903099895
3.5305499863
3.05903099895
2.99879003509
3.50415295017
3.36775583116
3.0096123943
2.77606396598
3.15278099895
3.25165394977
3.75089146407
2.95792805777
2.95092289084
3.73045957038
3.37153099895
3.1109790509
2.98210792203
3.82903099895
3.15604592432
3.0737368813
3.33432282775
3.3802840702
3.30121849895
3.03271520948
2.88686118763
2.79307355215
3.4745239567
3.20033534677
3.52126121478
3.43826828709
3.17972065412
3.34375322117
3.89653099895
3.40903099895
3.50020746954
3.66075164672
2.91130372622
3.38045957038
3.43903099895
3.62214981083
3.71974528467
3.19275192919
3.1809318254
3.21998990306
3.36650226332
3.40001201161
3.45016003121
3.65278099895
3.27370491199
3.49717532885
3.25365640612
3.45389081203
3.62810994632
2.7943251166
3.34809349895
3.55903099895
3.27266736259
2.98550158719
3.18030994051
3.67166836159
3.27056946049
3.54055809255
3.30903099895
3.49982047264
3.2911738561
3.71684663021
3.83333655451
3.42134201407
2.90597488672
3.46742794552
2.27331671323
2.90771520948
3.01242082946
3.38102466984
3.75383619376
3.09697742752
3.74084918077
3.15903099895
3.30069766562
3.00903099895
2.58150290906
3.37153099895
2.89236433228
3.57266736259
3.06879662395
3.67999874089
3.57826176818
3.51115865853
3.61672330664
3.6661738561
3.74774067637
3.16772665113
3.47079570484

10043:
3.92765417204
3.79592511678
3.50960638826
3.76221299556
3.56042466995
3.93325531532
4.31497273583
3.78733220183
4.23412857998
3.81526547587
4.12829691165
3.76295410229
4.18550845011
3.83167780495
3.69815863495
3.62003571229
4.15425845011
3.92814380043
4.10368702154
3.56602315599
3.93198022431
4.2113236675
4.1582691453
3.28881259024
3.9441417186
3.80724352474
4.02471299556
3.99175845011
3.97029618596
4.2849036114
4.25425845011
3.81873213432
3.51638469596
2.92425845011
3.79810267122
3.693147339
3.52925845011
4.1433888849
3.8524512212
4.14932423958
3.89644595011
3.7830463289
3.9107519566
3.95653117738
3.50309565942
3.57733537319
4.05425845011
4.38425845011
4.0954349207
3.49800845011
3.7659406931
10044:
3.70615103134
3.35727359299
3.7124404736
3.74432906951
3.46289972729
3.722101157
3.50847370866
3.68309596141
3.66809347136
3.51292550686
3.51122096141
3.71314403833
4.07106515404
3.62952640073
10045:
10047:
4.23892937376
3.87611127081
4.03662805189
4.21214365948
4.15382207269
10051:
3.16256850468
3.11421685633
3.79888072188
3.39642524427
3.31699901892
4.0732827904
3.59159780871
2.31778828491
4.08995577259
3.53129760168
3.73650749673
3.63269943758
3.29814542776
3.33959279618
3.5550898722
4.14485595408
10052:
3.48692544787
3.58388716421
2.97603941985
3.29817287849
10053:
3.77375233743
3.40474463305
3.4318393145
3.95689187231
3.58954493353
3.93010615803
3.73466965009
4.45689187231
3.66346860081
3.88336246054
3.82689187231
4.05689187231
3.73847081968
3.2207807612
3.87670319307
3.40189187231
3.65738692182
3.92060154973
3.95689187231
3.63495791005
3.62178548933
4.24666459958
4.29974901517
3.82832044374
3.28243144066
4.3980683429
3.52443219489
3.66639891457
3.85593033385
3.75037013318
3.58189187231
3.8217367763
3.71031652984
3.76183692726
4.21902779464
3.82832044374
4.19917215735
3.58959735176
3.88546330088
4.22004976705
3.53606571052
4.10966965009
3.78288442814
3.91277422525
3.51623039371
3.74595437231
3.47655479366
3.42251687231
3.52413699162
3.29410117464
3.93662160204
3.9058166035
3.74439187231
4.50406168363
3.74897108023
3.69780096322
3.48708850153
3.81082445658
4.00796714113
4.07785961425
4.21709595394
4.54022520565
4.18483304878
3.95689187231
3.10231440752
3.69058752448
3.53362454558
3.47040538582
3.57138940114
3.58451424994
3.73871005413
4.28501687231
10060:
2.95561942335
4.02877995847
3.17502501776
2.95699304973
3.40181418603
3.46138865412
3.95982615412
10061:
3.72872266206
4.44127140718
3.83232349384
4.1574896068
4.71403722584
3.93172430067
4.21295048409
3.77630828812
3.92534674965
3.30034674965
3.66431733789
4.10260084801
4.24740088978
4.6516398531
3.941648228
3.77951341632
4.49208403779
3.50659674965
4.04727297916
3.91000243828
4.33859301831
4.39532005926
3.79728730909
3.71748844346
4.09527646852
3.80461693599
3.95883877799
4.19693765874
4.08784674965
3.65716493147
4.47509164761
4.15240371168
4.02500891182
4.16306996394
4.86393370618
4.16054613616
4.43003424965
4.01725851436
4.74096395663
4.00868008298
4.0836922307
3.77898599016
3.99921038602
4.51057402238
4.28601188727
4.4199896068
3.48784674965
2.98784674965
4.01825912079
4.07852032478
4.2061566088
4.03490557318
3.60105429682
4.63580593333
3.94680197353
4.63490557318
3.8480754663
4.686198398
4.20234379107
3.87896665915
4.16599046223
4.2197744605
3.68349892357
4.07539735694
4.0975406272
4.09228753912
4.00589852077
3.64180569394
4.43497665901
4.34639938123
4.06834210569
4.15943765874
3.91467601795
4.96423900147
4.60853640482
4.04100766919
4.44618008299
3.88221761058
4.46861598042
4.68102856783
3.96650528623
3.75825491292
4.48784674965
4.16467601794
3.59933323614
3.85403119811
4.45843498495
4.33032517135
3.38400059581
3.89532706461
3.95531250307
3.97433323614
4.82645434459
4.32289829605
3.90725464439
3.26629943507
3.56977952276
3.98784674965
4.16760865441
4.04141817823
4.00714499527
3.73442209212
4.19773979778
3.90696439671
3.72161298342
4.33988756598
4.8601670523
4.16284674965
4.530219631
4.00958588008
4.2744321155
3.60323136504
4.15826475608
3.20659674965
3.71266689354
3.10410888557
3.58784674965
3.46511947693
3.35466917956

10066:
3.45720758389
3.10772304781
3.05271302776
3.24177816592

10067:
3.37008114366
4.20761430016
3.66623498981
3.62349305433
3.36297412025

10068:
4.08066191042
3.38179827405
3.88660596636
3.09622135097
10069:
2.62253713161
2.7102629651
1007:
3.08495701276
3.95837917264
3.23831502439
3.53011830307
10070:
2.42800981251
2.24444097193
10071:
3.76960220503
3.60919758075
4.41299504911
4.02508543122
3.92320967752
3.9016330051
4.10091028793
4.00574930489
4.2094279955
3.73052111017
3.91663001318
3.45156211277
3.8185401413
4.0546521262
3.48419758075
3.91354540684
10072:
4.03093650293
3.97919334318
4.2694601416
3.4321154211
3.55795846218
4.06816230105
4.37920265764
3.3909066299
4.39430029505
4.39090662989
3.60933914078
4.21235525426
3.80116304015
3.96782970682
4.01157970682
3.75629124528
4.01038289831
4.46351936199
4.21402260022
3.71157970682
4.0718120077
3.52407970682
3.54677707523
4.2821154211
4.24510243409
4.08435513055
4.09376955644
3.73852507106
3.51436255353
4.21782970682
3.84282970682
4.1821154211
3.67805697954
3.92095470682
4.42616304015
3.78234583585
3.6821154211
3.74907970682
4.14034626311
3.81546919179
4.18835372429
3.6702106592
4.14440313339
3.70478025626
3.47625667311
4.65532970681
3.64336162171
3.51555697955
3.94307723157
4.30606500093
4.00782970682
4.01590662989
3.78178319519
4.61887137348
4.58987695091
4.32010243409
3.93925827824
3.50629124528
3.98345470682
10074:
3.70549899028
3.78052408228
3.74408324012
4.08167964384
3.54758403126
3.41370132578
10075:
10076:
3.6599314715
3.411175466
4.19032849383
3.83955241531
4.13563318913
10077:
3.99985743784
3.63357836808
3.38943142887
3.94857538656
3.90702356162
3.81214117487
3.64691626137
3.76246526796
3.16652410451
4.12589049569
3.17253785021
3.80791430988
3.82485743784
3.64758471057
3.87061636641
3.5892429127
3.58143638521
3.62238491037
3.54152410451
4.05564256181
3.47283041082
3.53110743784
3.25437551013
3.64081488465
